%このファイルは日本語文字を含みます.
\BOOKMARK [0][-]{chapter*.1}{まえがき}{}% 1
\BOOKMARK [1][-]{section*.2}{自己紹介}{chapter*.1}% 2
\BOOKMARK [1][-]{section*.3}{Webエンジニアにアルゴリズム/データ構造の知識は必要か}{chapter*.1}% 3
\BOOKMARK [1][-]{section*.4}{でも、アルゴリズムの勉強って何に使うの？？}{chapter*.1}% 4
\BOOKMARK [1][-]{section*.5}{アルゴリズムミニアプリってなに？}{chapter*.1}% 5
\BOOKMARK [1][-]{section*.6}{対象読者}{chapter*.1}% 6
\BOOKMARK [1][-]{section*.7}{本書の構成}{chapter*.1}% 7
\BOOKMARK [0][-]{chapter.1}{第1章 環境構築}{}% 8
\BOOKMARK [1][-]{section.1.1}{1.1 今回の構成}{chapter.1}% 9
\BOOKMARK [2][-]{section*.9}{Firebase}{section.1.1}% 10
\BOOKMARK [2][-]{section*.10}{Firebase Hosting}{section.1.1}% 11
\BOOKMARK [2][-]{section*.11}{Cloud Firestore}{section.1.1}% 12
\BOOKMARK [2][-]{section*.12}{Nuxt.js}{section.1.1}% 13
\BOOKMARK [2][-]{section*.13}{Cloud Firestore}{section.1.1}% 14
\BOOKMARK [1][-]{section.1.2}{1.2 環境をつくろう}{chapter.1}% 15
\BOOKMARK [2][-]{section*.14}{Firebaseへのサインアップ}{section.1.2}% 16
\BOOKMARK [2][-]{section*.15}{Nuxt.jsの導入}{section.1.2}% 17
\BOOKMARK [0][-]{chapter.2}{第2章 探索}{}% 18
\BOOKMARK [1][-]{section.2.1}{2.1 アルゴリズムの説明}{chapter.2}% 19
\BOOKMARK [1][-]{section.2.2}{2.2 作るアプリ}{chapter.2}% 20
\BOOKMARK [1][-]{section.2.3}{2.3 Webアプリのコード説明}{chapter.2}% 21
\BOOKMARK [0][-]{chapter.3}{第3章 ソート}{}% 22
\BOOKMARK [1][-]{section.3.1}{3.1 アルゴリズムの説明}{chapter.3}% 23
\BOOKMARK [2][-]{section*.16}{バブルソート}{section.3.1}% 24
\BOOKMARK [1][-]{section.3.2}{3.2 作るアプリ}{chapter.3}% 25
\BOOKMARK [1][-]{section.3.3}{3.3 Webアプリのコード説明}{chapter.3}% 26
\BOOKMARK [0][-]{chapter.4}{第4章 ヒープ/二分探索木}{}% 27
\BOOKMARK [1][-]{section.4.1}{4.1 アルゴリズムの説明}{chapter.4}% 28
\BOOKMARK [1][-]{section.4.2}{4.2 作るアプリ}{chapter.4}% 29
\BOOKMARK [1][-]{section.4.3}{4.3 Webアプリのコード説明b}{chapter.4}% 30
\BOOKMARK [0][-]{chapter.5}{第5章 動的計画法}{}% 31
\BOOKMARK [1][-]{section.5.1}{5.1 アルゴリズムの説明}{chapter.5}% 32
\BOOKMARK [2][-]{section*.17}{バブルソート}{section.5.1}% 33
\BOOKMARK [1][-]{section.5.2}{5.2 作るアプリ}{chapter.5}% 34
\BOOKMARK [1][-]{section.5.3}{5.3 Webアプリのコード説明}{chapter.5}% 35
\BOOKMARK [0][-]{appendix*.18}{あとがき}{}% 36
